Performing C SOURCE FILE Test CMAKE_HAVE_LIBC_PTHREAD failed with the following output:
Change Dir: /home/lisa/CGLab_Wichmann121512_Doering119611/build/CMakeFiles/CMakeTmp

Run Build Command(s):/usr/bin/make cmTC_9e286/fast && /usr/bin/make -f CMakeFiles/cmTC_9e286.dir/build.make CMakeFiles/cmTC_9e286.dir/build
make[1]: Entering directory '/home/lisa/CGLab_Wichmann121512_Doering119611/build/CMakeFiles/CMakeTmp'
Building C object CMakeFiles/cmTC_9e286.dir/src.c.o
/usr/bin/cc   -DCMAKE_HAVE_LIBC_PTHREAD   -o CMakeFiles/cmTC_9e286.dir/src.c.o   -c /home/lisa/CGLab_Wichmann121512_Doering119611/build/CMakeFiles/CMakeTmp/src.c
Linking C executable cmTC_9e286
/usr/bin/cmake -E cmake_link_script CMakeFiles/cmTC_9e286.dir/link.txt --verbose=1
/usr/bin/cc  -DCMAKE_HAVE_LIBC_PTHREAD    -rdynamic CMakeFiles/cmTC_9e286.dir/src.c.o  -o cmTC_9e286 
/usr/bin/ld: CMakeFiles/cmTC_9e286.dir/src.c.o: in function `main':
src.c:(.text+0x46): undefined reference to `pthread_create'
/usr/bin/ld: src.c:(.text+0x52): undefined reference to `pthread_detach'
/usr/bin/ld: src.c:(.text+0x63): undefined reference to `pthread_join'
collect2: error: ld returned 1 exit status
make[1]: *** [CMakeFiles/cmTC_9e286.dir/build.make:87: cmTC_9e286] Error 1
make[1]: Leaving directory '/home/lisa/CGLab_Wichmann121512_Doering119611/build/CMakeFiles/CMakeTmp'
make: *** [Makefile:121: cmTC_9e286/fast] Error 2


Source file was:
#include <pthread.h>

void* test_func(void* data)
{
  return data;
}

int main(void)
{
  pthread_t thread;
  pthread_create(&thread, NULL, test_func, NULL);
  pthread_detach(thread);
  pthread_join(thread, NULL);
  pthread_atfork(NULL, NULL, NULL);
  pthread_exit(NULL);

  return 0;
}

Determining if the function pthread_create exists in the pthreads failed with the following output:
Change Dir: /home/lisa/CGLab_Wichmann121512_Doering119611/build/CMakeFiles/CMakeTmp

Run Build Command(s):/usr/bin/make cmTC_c3d2f/fast && /usr/bin/make -f CMakeFiles/cmTC_c3d2f.dir/build.make CMakeFiles/cmTC_c3d2f.dir/build
make[1]: Entering directory '/home/lisa/CGLab_Wichmann121512_Doering119611/build/CMakeFiles/CMakeTmp'
Building C object CMakeFiles/cmTC_c3d2f.dir/CheckFunctionExists.c.o
/usr/bin/cc   -DCHECK_FUNCTION_EXISTS=pthread_create   -o CMakeFiles/cmTC_c3d2f.dir/CheckFunctionExists.c.o   -c /usr/share/cmake-3.16/Modules/CheckFunctionExists.c
Linking C executable cmTC_c3d2f
/usr/bin/cmake -E cmake_link_script CMakeFiles/cmTC_c3d2f.dir/link.txt --verbose=1
/usr/bin/cc  -DCHECK_FUNCTION_EXISTS=pthread_create    -rdynamic CMakeFiles/cmTC_c3d2f.dir/CheckFunctionExists.c.o  -o cmTC_c3d2f  -lpthreads 
/usr/bin/ld: cannot find -lpthreads
collect2: error: ld returned 1 exit status
make[1]: *** [CMakeFiles/cmTC_c3d2f.dir/build.make:87: cmTC_c3d2f] Error 1
make[1]: Leaving directory '/home/lisa/CGLab_Wichmann121512_Doering119611/build/CMakeFiles/CMakeTmp'
make: *** [Makefile:121: cmTC_c3d2f/fast] Error 2



Determining if the function glXGetProcAddressEXT exists failed with the following output:
Change Dir: /home/lisa/CGLab_Wichmann121512_Doering119611/build/CMakeFiles/CMakeTmp

Run Build Command(s):/usr/bin/make cmTC_74109/fast && /usr/bin/make -f CMakeFiles/cmTC_74109.dir/build.make CMakeFiles/cmTC_74109.dir/build
make[1]: Entering directory '/home/lisa/CGLab_Wichmann121512_Doering119611/build/CMakeFiles/CMakeTmp'
Building C object CMakeFiles/cmTC_74109.dir/CheckFunctionExists.c.o
/usr/bin/cc   -DCHECK_FUNCTION_EXISTS=glXGetProcAddressEXT   -o CMakeFiles/cmTC_74109.dir/CheckFunctionExists.c.o   -c /usr/share/cmake-3.16/Modules/CheckFunctionExists.c
Linking C executable cmTC_74109
/usr/bin/cmake -E cmake_link_script CMakeFiles/cmTC_74109.dir/link.txt --verbose=1
/usr/bin/cc  -DCHECK_FUNCTION_EXISTS=glXGetProcAddressEXT    -rdynamic CMakeFiles/cmTC_74109.dir/CheckFunctionExists.c.o  -o cmTC_74109  /usr/lib/x86_64-linux-gnu/libGL.so 
/usr/bin/ld: CMakeFiles/cmTC_74109.dir/CheckFunctionExists.c.o: in function `main':
CheckFunctionExists.c:(.text+0x14): undefined reference to `glXGetProcAddressEXT'
collect2: error: ld returned 1 exit status
make[1]: *** [CMakeFiles/cmTC_74109.dir/build.make:88: cmTC_74109] Error 1
make[1]: Leaving directory '/home/lisa/CGLab_Wichmann121512_Doering119611/build/CMakeFiles/CMakeTmp'
make: *** [Makefile:121: cmTC_74109/fast] Error 2



